<?xml version="1.0" encoding="UTF-8"?>
<!-- Generated by org.testng.reporters.JUnitXMLReporter -->
<testsuite ignored="0" hostname="ADMINRG-VDHKSE3" failures="1" tests="6" name="Surefire test" time="74.043" errors="0" timestamp="2024-03-15T13:03:09 IST">
  <testcase classname="RaushanKumar.tests.ErrorValidationTest" name="LoginErrorValidation" time="0.501">
    <skipped/>
  </testcase> <!-- LoginErrorValidation -->
  <testcase classname="RaushanKumar.tests.ErrorValidationTest" name="LoginErrorValidation" time="0.973">
    <failure type="java.lang.AssertionError" message="expected [Incorrect email or password.] but found [Incorrect email  password.]">
      <![CDATA[java.lang.AssertionError: expected [Incorrect email or password.] but found [Incorrect email  password.]
at RaushanKumar.tests.ErrorValidationTest.LoginErrorValidation(ErrorValidationTest.java:23)
at java.base/java.util.ArrayList.forEach(ArrayList.java:1511)
... Removed 36 stack frames]]>
    </failure>
  </testcase> <!-- LoginErrorValidation -->
  <testcase classname="RaushanKumar.tests.ErrorValidationTest" name="ProductErrorValidation" time="3.135"/>
  <testcase classname="RaushanKumar.tests.SubmitOrderTest" name="submitOrder" time="5.292"/>
  <testcase classname="RaushanKumar.tests.SubmitOrderTest" name="submitOrder" time="8.047"/>
  <testcase classname="RaushanKumar.tests.SubmitOrderTest" name="OrderHistoryTest" time="0.955"/>
</testsuite> <!-- Surefire test -->
